<?xml version="1.0" encoding="UTF-8"?>
<testsuite name="it.unimi.di.sweng.esame.view.TestIntegrazione" tests="13" skipped="0" failures="0" errors="0" timestamp="2025-12-18T11:43:06.190Z" hostname="MacBook-Pro-di-Lorenzo.local" time="69.454">
  <properties/>
  <testcase name="TestFirstViewOrder(FxRobot)" classname="it.unimi.di.sweng.esame.view.TestIntegrazione" time="10.836"/>
  <testcase name="TestThirdViewOrder(FxRobot)" classname="it.unimi.di.sweng.esame.view.TestIntegrazione" time="16.39"/>
  <testcase name="firstFridayView(FxRobot)" classname="it.unimi.di.sweng.esame.view.TestIntegrazione" time="3.623"/>
  <testcase name="firstMathsView(FxRobot)" classname="it.unimi.di.sweng.esame.view.TestIntegrazione" time="3.485"/>
  <testcase name="firstMondayView(FxRobot)" classname="it.unimi.di.sweng.esame.view.TestIntegrazione" time="3.656"/>
  <testcase name="overlapLessonError(FxRobot)" classname="it.unimi.di.sweng.esame.view.TestIntegrazione" time="9.844"/>
  <testcase name="[1] &quot;Maths,MONDAY&quot;, &quot;9:30,-1&quot;, &quot;Invalid duration&quot;" classname="it.unimi.di.sweng.esame.view.TestIntegrazione" time="3.554"/>
  <testcase name="[2] &quot;Maths,MONDAY&quot;, &quot;9:30,5&quot;, &quot;Invalid duration&quot;" classname="it.unimi.di.sweng.esame.view.TestIntegrazione" time="3.498"/>
  <testcase name="[3] &quot;Maths,MONDAY&quot;, &quot;7:30,2&quot;, &quot;Invalid time&quot;" classname="it.unimi.di.sweng.esame.view.TestIntegrazione" time="3.479"/>
  <testcase name="[4] &quot;Maths,MONDAY&quot;, &quot;17:30,2&quot;, &quot;Invalid time&quot;" classname="it.unimi.di.sweng.esame.view.TestIntegrazione" time="3.561"/>
  <testcase name="[5] &quot;Maths,LUNEDI&quot;, &quot;17:30,2&quot;, &quot;Invalid day&quot;" classname="it.unimi.di.sweng.esame.view.TestIntegrazione" time="3.561"/>
  <testcase name="[6] &quot;Maths,FRIDAY&quot;, &quot;25:30,2&quot;, &quot;Invalid time format&quot;" classname="it.unimi.di.sweng.esame.view.TestIntegrazione" time="3.559"/>
  <testcase name="testStart(FxRobot)" classname="it.unimi.di.sweng.esame.view.TestIntegrazione" time="0.356"/>
  <system-out><![CDATA[Label@1bd734d8[styleClass=label]'Invalid duration'
Label@507cff1a[styleClass=label]'Invalid duration'
Label@5b29e525[styleClass=label]'Invalid time'
Label@2248ba89[styleClass=label]'Invalid time'
Label@6a3a09bd[styleClass=label]'Invalid day'
Label@34cf9e4a[styleClass=label]'Invalid time format'
]]></system-out>
  <system-err><![CDATA[dic 18, 2025 12:43:06 PM com.sun.javafx.application.PlatformImpl startup
WARNING: Unsupported JavaFX configuration: classes were loaded from 'unnamed module @35645047'
]]></system-err>
</testsuite>
