<?xml version="1.0" encoding="UTF-8"?>
<testsuite name="it.unimi.di.sweng.reverseindex.TestStrategyInput" tests="2" skipped="0" failures="0" errors="0" timestamp="2025-11-26T15:57:33.942Z" hostname="MacBook-Pro-di-Lorenzo.local" time="0.008">
  <properties/>
  <testcase name="testReaderSemplice()" classname="it.unimi.di.sweng.reverseindex.TestStrategyInput" time="0.006"/>
  <testcase name="testReaderNoPunteggiatura()" classname="it.unimi.di.sweng.reverseindex.TestStrategyInput" time="0.001"/>
  <system-out><![CDATA[]]></system-out>
  <system-err><![CDATA[]]></system-err>
</testsuite>
