<?xml version="1.0" encoding="UTF-8"?>
<testsuite name="it.unimi.di.sweng.reverseindex.TestStrategyOutput" tests="2" skipped="0" failures="0" errors="0" timestamp="2025-11-26T15:57:33.951Z" hostname="MacBook-Pro-di-Lorenzo.local" time="0.001">
  <properties/>
  <testcase name="testOutputSemplice()" classname="it.unimi.di.sweng.reverseindex.TestStrategyOutput" time="0.0"/>
  <testcase name="testOutputOrdinato()" classname="it.unimi.di.sweng.reverseindex.TestStrategyOutput" time="0.0"/>
  <system-out><![CDATA[]]></system-out>
  <system-err><![CDATA[]]></system-err>
</testsuite>
