<?xml version="1.0" encoding="UTF-8"?>
<testsuite name="it.unimi.di.sweng.temperature.model.TestPresenter" tests="2" skipped="0" failures="0" errors="0" timestamp="2025-11-28T14:43:42.798Z" hostname="MacBook-Pro-di-Lorenzo.local" time="0.358">
  <properties/>
  <testcase name="testSetTemperatura()" classname="it.unimi.di.sweng.temperature.model.TestPresenter" time="0.307"/>
  <testcase name="testUpdate()" classname="it.unimi.di.sweng.temperature.model.TestPresenter" time="0.05"/>
  <system-out><![CDATA[]]></system-out>
  <system-err><![CDATA[]]></system-err>
</testsuite>
